<?xml version="1.0" encoding="UTF-8"?>
<!-- Generated by org.testng.reporters.JUnitReportReporter -->
<testsuite hostname="MSI" failures="0" tests="1" name="BankingTestCases.TC_LoginTest_001" time="1.069" errors="0" timestamp="2022-05-08T15:44:28 MDT" skipped="0">
  <testcase classname="BankingTestCases.TC_LoginTest_001" name="loginTest" time="1.069"/>
  <system-out/>
</testsuite> <!-- BankingTestCases.TC_LoginTest_001 -->
