<?xml version="1.0" encoding="UTF-8"?>
<!-- Generated by org.testng.reporters.JUnitReportReporter -->
<testsuite hostname="MSI" failures="0" tests="1" name="BankingTestCases.TC_AddCustomerTest_003" time="43.389" errors="0" timestamp="2022-05-08T12:33:24 MDT" skipped="0">
  <testcase classname="BankingTestCases.TC_AddCustomerTest_003" name="addNewCustomer" time="43.389"/>
  <system-out/>
</testsuite> <!-- BankingTestCases.TC_AddCustomerTest_003 -->
