<?xml version="1.0" encoding="UTF-8"?>
<!-- Generated by org.testng.reporters.JUnitReportReporter -->
<testsuite skipped="0" hostname="MSI" name="BankingTestCases.TC_LoginTest_001" tests="1" failures="0" timestamp="2022-05-08T15:51:08 MDT" time="1.445" errors="0">
  <testcase name="loginTest" time="1.445" classname="BankingTestCases.TC_LoginTest_001"/>
  <system-out/>
</testsuite> <!-- BankingTestCases.TC_LoginTest_001 -->
